<?xml version="1.0" encoding="UTF-8"?>
<!-- Generated by org.testng.reporters.JUnitXMLReporter -->
<testsuite hostname="Swaman" ignored="0" name="My Test" tests="5" failures="0" timestamp="15 May 2019 20:55:49 GMT" time="37.224" errors="0">
  <testcase name="feature" time="4.496" classname="com.testautomation.TestRunner.TestRunner"/>
  <testcase name="feature" time="1.79" classname="com.testautomation.TestRunner.TestRunner2"/>
  <testcase name="feature" time="2.433" classname="com.testautomation.TestRunner.TestRunner3"/>
  <testcase name="feature" time="11.909" classname="com.testautomation.TestRunner.TestRunner4"/>
  <testcase name="feature" time="15.68" classname="com.testautomation.TestRunner.TestRunner5"/>
</testsuite> <!-- My Test -->
